The system is: Darwin - 21.6.0 - x86_64
Compiling the CXX compiler identification source file "CMakeCXXCompilerId.cpp" succeeded.
Compiler: /usr/local/bin/g++-12 
Build flags: 
Id flags: -c 

The output was:
0


Compilation of the CXX compiler identification source "CMakeCXXCompilerId.cpp" produced "CMakeCXXCompilerId.o"

The CXX compiler identification is GNU, found in "/Users/berginjack/Desktop/College Work/Senior Year/Term 1/CS 4533/CalculatorProject/PROJECT_ROOT/build/CMakeFiles/3.24.1/CompilerIdCXX/CMakeCXXCompilerId.o"

Detecting CXX compiler ABI info compiled with the following output:
Change Dir: /Users/berginjack/Desktop/College Work/Senior Year/Term 1/CS 4533/CalculatorProject/PROJECT_ROOT/build/CMakeFiles/CMakeTmp

Run Build Command(s):/usr/bin/make -f Makefile cmTC_3af54/fast && /Library/Developer/CommandLineTools/usr/bin/make  -f CMakeFiles/cmTC_3af54.dir/build.make CMakeFiles/cmTC_3af54.dir/build
Building CXX object CMakeFiles/cmTC_3af54.dir/CMakeCXXCompilerABI.cpp.o
/usr/local/bin/g++-12   -isysroot /Library/Developer/CommandLineTools/SDKs/MacOSX11.3.sdk   -v -Wl,-v -o CMakeFiles/cmTC_3af54.dir/CMakeCXXCompilerABI.cpp.o -c /usr/local/Cellar/cmake/3.24.1/share/cmake/Modules/CMakeCXXCompilerABI.cpp
Using built-in specs.
COLLECT_GCC=/usr/local/bin/g++-12
Target: x86_64-apple-darwin21
Configured with: ../configure --prefix=/usr/local/opt/gcc --libdir=/usr/local/opt/gcc/lib/gcc/current --disable-nls --enable-checking=release --with-gcc-major-version-only --enable-languages=c,c++,objc,obj-c++,fortran --program-suffix=-12 --with-gmp=/usr/local/opt/gmp --with-mpfr=/usr/local/opt/mpfr --with-mpc=/usr/local/opt/libmpc --with-isl=/usr/local/opt/isl --with-zstd=/usr/local/opt/zstd --with-pkgversion='Homebrew GCC 12.1.0' --with-bugurl=https://github.com/Homebrew/homebrew-core/issues --with-system-zlib --build=x86_64-apple-darwin21 --with-sysroot=/Library/Developer/CommandLineTools/SDKs/MacOSX12.sdk
Thread model: posix
Supported LTO compression algorithms: zlib zstd
gcc version 12.1.0 (Homebrew GCC 12.1.0) 
COLLECT_GCC_OPTIONS='-isysroot' '/Library/Developer/CommandLineTools/SDKs/MacOSX11.3.sdk' '-v' '-o' 'CMakeFiles/cmTC_3af54.dir/CMakeCXXCompilerABI.cpp.o' '-c' '-mmacosx-version-min=12.0.0' '-asm_macosx_version_min=12.0' '-nodefaultexport' '-shared-libgcc' '-mtune=core2' '-dumpdir' 'CMakeFiles/cmTC_3af54.dir/'
 /usr/local/Cellar/gcc/12.1.0/bin/../libexec/gcc/x86_64-apple-darwin21/12/cc1plus -quiet -v -iprefix /usr/local/Cellar/gcc/12.1.0/bin/../lib/gcc/current/gcc/x86_64-apple-darwin21/12/ -D__DYNAMIC__ -isysroot /Library/Developer/CommandLineTools/SDKs/MacOSX11.3.sdk /usr/local/Cellar/cmake/3.24.1/share/cmake/Modules/CMakeCXXCompilerABI.cpp -fPIC -quiet -dumpdir CMakeFiles/cmTC_3af54.dir/ -dumpbase CMakeCXXCompilerABI.cpp.cpp -dumpbase-ext .cpp -mmacosx-version-min=12.0.0 -mtune=core2 -version -o /var/folders/rl/2csznjv52_j4ksr5nf3h8yzh0000gn/T//ccoQlNyA.s
GNU C++17 (Homebrew GCC 12.1.0) version 12.1.0 (x86_64-apple-darwin21)
	compiled by GNU C version 12.1.0, GMP version 6.2.1, MPFR version 4.1.0, MPC version 1.2.1, isl version isl-0.25-GMP

GGC heuristics: --param ggc-min-expand=100 --param ggc-min-heapsize=131072
ignoring nonexistent directory "/usr/local/Cellar/gcc/12.1.0/bin/../lib/gcc/current/gcc/x86_64-apple-darwin21/12/../../../../../../x86_64-apple-darwin21/include"
ignoring duplicate directory "/usr/local/Cellar/gcc/12.1.0/bin/../lib/gcc/current/gcc/../../../../lib/gcc/current/gcc/x86_64-apple-darwin21/12/../../../../../../include/c++/12"
ignoring duplicate directory "/usr/local/Cellar/gcc/12.1.0/bin/../lib/gcc/current/gcc/../../../../lib/gcc/current/gcc/x86_64-apple-darwin21/12/../../../../../../include/c++/12/x86_64-apple-darwin21"
ignoring duplicate directory "/usr/local/Cellar/gcc/12.1.0/bin/../lib/gcc/current/gcc/../../../../lib/gcc/current/gcc/x86_64-apple-darwin21/12/../../../../../../include/c++/12/backward"
ignoring duplicate directory "/usr/local/Cellar/gcc/12.1.0/bin/../lib/gcc/current/gcc/../../../../lib/gcc/current/gcc/x86_64-apple-darwin21/12/include"
ignoring nonexistent directory "/Library/Developer/CommandLineTools/SDKs/MacOSX11.3.sdk/usr/local/include"
ignoring duplicate directory "/usr/local/Cellar/gcc/12.1.0/bin/../lib/gcc/current/gcc/../../../../lib/gcc/current/gcc/x86_64-apple-darwin21/12/include-fixed"
ignoring nonexistent directory "/usr/local/Cellar/gcc/12.1.0/bin/../lib/gcc/current/gcc/../../../../lib/gcc/current/gcc/x86_64-apple-darwin21/12/../../../../../../x86_64-apple-darwin21/include"
ignoring nonexistent directory "/Library/Developer/CommandLineTools/SDKs/MacOSX11.3.sdk/Library/Frameworks"
#include "..." search starts here:
#include <...> search starts here:
 /usr/local/Cellar/gcc/12.1.0/bin/../lib/gcc/current/gcc/x86_64-apple-darwin21/12/../../../../../../include/c++/12
 /usr/local/Cellar/gcc/12.1.0/bin/../lib/gcc/current/gcc/x86_64-apple-darwin21/12/../../../../../../include/c++/12/x86_64-apple-darwin21
 /usr/local/Cellar/gcc/12.1.0/bin/../lib/gcc/current/gcc/x86_64-apple-darwin21/12/../../../../../../include/c++/12/backward
 /usr/local/Cellar/gcc/12.1.0/bin/../lib/gcc/current/gcc/x86_64-apple-darwin21/12/include
 /usr/local/Cellar/gcc/12.1.0/bin/../lib/gcc/current/gcc/x86_64-apple-darwin21/12/include-fixed
 /Library/Developer/CommandLineTools/SDKs/MacOSX11.3.sdk/usr/include
 /Library/Developer/CommandLineTools/SDKs/MacOSX11.3.sdk/System/Library/Frameworks
End of search list.
GNU C++17 (Homebrew GCC 12.1.0) version 12.1.0 (x86_64-apple-darwin21)
	compiled by GNU C version 12.1.0, GMP version 6.2.1, MPFR version 4.1.0, MPC version 1.2.1, isl version isl-0.25-GMP

GGC heuristics: --param ggc-min-expand=100 --param ggc-min-heapsize=131072
Compiler executable checksum: 5af5c2c29851d1c701b89219d2e61850
COLLECT_GCC_OPTIONS='-isysroot' '/Library/Developer/CommandLineTools/SDKs/MacOSX11.3.sdk' '-v' '-o' 'CMakeFiles/cmTC_3af54.dir/CMakeCXXCompilerABI.cpp.o' '-c' '-mmacosx-version-min=12.0.0'  '-nodefaultexport' '-shared-libgcc' '-mtune=core2' '-dumpdir' 'CMakeFiles/cmTC_3af54.dir/'
 as -arch x86_64 -v -mmacosx-version-min=12.0 -mllvm -x86-pad-for-align=false -force_cpusubtype_ALL -o CMakeFiles/cmTC_3af54.dir/CMakeCXXCompilerABI.cpp.o /var/folders/rl/2csznjv52_j4ksr5nf3h8yzh0000gn/T//ccoQlNyA.s
Apple clang version 12.0.5 (clang-1205.0.22.9)
Target: x86_64-apple-darwin21.6.0
Thread model: posix
InstalledDir: /Library/Developer/CommandLineTools/usr/bin
 "/Library/Developer/CommandLineTools/usr/bin/clang" -cc1as -triple x86_64-apple-macosx12.0.0 -filetype obj -main-file-name ccoQlNyA.s -target-cpu penryn -fdebug-compilation-dir "/Users/berginjack/Desktop/College Work/Senior Year/Term 1/CS 4533/CalculatorProject/PROJECT_ROOT/build/CMakeFiles/CMakeTmp" -dwarf-debug-producer "Apple clang version 12.0.5 (clang-1205.0.22.9)" -dwarf-version=4 -mrelocation-model pic -mllvm -x86-pad-for-align=false -mllvm -disable-aligned-alloc-awareness=1 -o CMakeFiles/cmTC_3af54.dir/CMakeCXXCompilerABI.cpp.o /var/folders/rl/2csznjv52_j4ksr5nf3h8yzh0000gn/T//ccoQlNyA.s
COMPILER_PATH=/usr/local/Cellar/gcc/12.1.0/bin/../libexec/gcc/x86_64-apple-darwin21/12/:/usr/local/Cellar/gcc/12.1.0/bin/../libexec/gcc/
LIBRARY_PATH=/usr/local/Cellar/gcc/12.1.0/bin/../lib/gcc/current/gcc/x86_64-apple-darwin21/12/:/usr/local/Cellar/gcc/12.1.0/bin/../lib/gcc/current/gcc/:/usr/local/Cellar/gcc/12.1.0/bin/../lib/gcc/current/gcc/x86_64-apple-darwin21/12/../../../
COLLECT_GCC_OPTIONS='-isysroot' '/Library/Developer/CommandLineTools/SDKs/MacOSX11.3.sdk' '-v' '-o' 'CMakeFiles/cmTC_3af54.dir/CMakeCXXCompilerABI.cpp.o' '-c' '-mmacosx-version-min=12.0.0'  '-nodefaultexport' '-shared-libgcc' '-mtune=core2' '-dumpdir' 'CMakeFiles/cmTC_3af54.dir/CMakeCXXCompilerABI.cpp.'
Linking CXX executable cmTC_3af54
/usr/local/Cellar/cmake/3.24.1/bin/cmake -E cmake_link_script CMakeFiles/cmTC_3af54.dir/link.txt --verbose=1
/usr/local/bin/g++-12  -isysroot /Library/Developer/CommandLineTools/SDKs/MacOSX11.3.sdk -Wl,-search_paths_first -Wl,-headerpad_max_install_names  -v -Wl,-v CMakeFiles/cmTC_3af54.dir/CMakeCXXCompilerABI.cpp.o -o cmTC_3af54 
Using built-in specs.
COLLECT_GCC=/usr/local/bin/g++-12
COLLECT_LTO_WRAPPER=/usr/local/Cellar/gcc/12.1.0/bin/../libexec/gcc/x86_64-apple-darwin21/12/lto-wrapper
Target: x86_64-apple-darwin21
Configured with: ../configure --prefix=/usr/local/opt/gcc --libdir=/usr/local/opt/gcc/lib/gcc/current --disable-nls --enable-checking=release --with-gcc-major-version-only --enable-languages=c,c++,objc,obj-c++,fortran --program-suffix=-12 --with-gmp=/usr/local/opt/gmp --with-mpfr=/usr/local/opt/mpfr --with-mpc=/usr/local/opt/libmpc --with-isl=/usr/local/opt/isl --with-zstd=/usr/local/opt/zstd --with-pkgversion='Homebrew GCC 12.1.0' --with-bugurl=https://github.com/Homebrew/homebrew-core/issues --with-system-zlib --build=x86_64-apple-darwin21 --with-sysroot=/Library/Developer/CommandLineTools/SDKs/MacOSX12.sdk
Thread model: posix
Supported LTO compression algorithms: zlib zstd
gcc version 12.1.0 (Homebrew GCC 12.1.0) 
COMPILER_PATH=/usr/local/Cellar/gcc/12.1.0/bin/../libexec/gcc/x86_64-apple-darwin21/12/:/usr/local/Cellar/gcc/12.1.0/bin/../libexec/gcc/
LIBRARY_PATH=/usr/local/Cellar/gcc/12.1.0/bin/../lib/gcc/current/gcc/x86_64-apple-darwin21/12/:/usr/local/Cellar/gcc/12.1.0/bin/../lib/gcc/current/gcc/:/usr/local/Cellar/gcc/12.1.0/bin/../lib/gcc/current/gcc/x86_64-apple-darwin21/12/../../../
COLLECT_GCC_OPTIONS='-isysroot' '/Library/Developer/CommandLineTools/SDKs/MacOSX11.3.sdk' '-v' '-o' 'cmTC_3af54' '-mmacosx-version-min=12.0.0' '-asm_macosx_version_min=12.0' '-nodefaultexport' '-shared-libgcc' '-mtune=core2' '-dumpdir' 'cmTC_3af54.'
 /usr/local/Cellar/gcc/12.1.0/bin/../libexec/gcc/x86_64-apple-darwin21/12/collect2 -dynamic -arch x86_64 -syslibroot /Library/Developer/CommandLineTools/SDKs/MacOSX11.3.sdk -macosx_version_min 12.0.0 -o cmTC_3af54 -L/usr/local/Cellar/gcc/12.1.0/bin/../lib/gcc/current/gcc/x86_64-apple-darwin21/12 -L/usr/local/Cellar/gcc/12.1.0/bin/../lib/gcc/current/gcc -L/usr/local/Cellar/gcc/12.1.0/bin/../lib/gcc/current/gcc/x86_64-apple-darwin21/12/../../.. -search_paths_first -headerpad_max_install_names -v CMakeFiles/cmTC_3af54.dir/CMakeCXXCompilerABI.cpp.o -lstdc++ -lgcc_s.1.1 -lgcc -lSystem -no_compact_unwind -rpath @loader_path -rpath /usr/local/Cellar/gcc/12.1.0/lib/gcc/current/gcc/x86_64-apple-darwin21/12 -rpath /usr/local/Cellar/gcc/12.1.0/lib/gcc/current/gcc -rpath /usr/local/Cellar/gcc/12.1.0/lib/gcc/current
collect2 version 12.1.0
/usr/bin/ld -dynamic -arch x86_64 -syslibroot /Library/Developer/CommandLineTools/SDKs/MacOSX11.3.sdk -macosx_version_min 12.0.0 -o cmTC_3af54 -L/usr/local/Cellar/gcc/12.1.0/bin/../lib/gcc/current/gcc/x86_64-apple-darwin21/12 -L/usr/local/Cellar/gcc/12.1.0/bin/../lib/gcc/current/gcc -L/usr/local/Cellar/gcc/12.1.0/bin/../lib/gcc/current/gcc/x86_64-apple-darwin21/12/../../.. -search_paths_first -headerpad_max_install_names -v CMakeFiles/cmTC_3af54.dir/CMakeCXXCompilerABI.cpp.o -lstdc++ -lgcc_s.1.1 -lgcc -lSystem -no_compact_unwind -rpath @loader_path -rpath /usr/local/Cellar/gcc/12.1.0/lib/gcc/current/gcc/x86_64-apple-darwin21/12 -rpath /usr/local/Cellar/gcc/12.1.0/lib/gcc/current/gcc -rpath /usr/local/Cellar/gcc/12.1.0/lib/gcc/current
@(#)PROGRAM:ld  PROJECT:ld64-650.9
BUILD 00:19:30 Mar 17 2021
configured to support archs: armv6 armv7 armv7s arm64 arm64e arm64_32 i386 x86_64 x86_64h armv6m armv7k armv7m armv7em
Library search paths:
	/usr/local/Cellar/gcc/12.1.0/lib/gcc/current/gcc/x86_64-apple-darwin21/12
	/usr/local/Cellar/gcc/12.1.0/lib/gcc/current/gcc
	/usr/local/Cellar/gcc/12.1.0/lib/gcc/current
	/Library/Developer/CommandLineTools/SDKs/MacOSX11.3.sdk/usr/lib
Framework search paths:
	/Library/Developer/CommandLineTools/SDKs/MacOSX11.3.sdk/System/Library/Frameworks/



Parsed CXX implicit include dir info from above output: rv=done
  found start of include info
  found start of implicit include info
    add: [/usr/local/Cellar/gcc/12.1.0/bin/../lib/gcc/current/gcc/x86_64-apple-darwin21/12/../../../../../../include/c++/12]
    add: [/usr/local/Cellar/gcc/12.1.0/bin/../lib/gcc/current/gcc/x86_64-apple-darwin21/12/../../../../../../include/c++/12/x86_64-apple-darwin21]
    add: [/usr/local/Cellar/gcc/12.1.0/bin/../lib/gcc/current/gcc/x86_64-apple-darwin21/12/../../../../../../include/c++/12/backward]
    add: [/usr/local/Cellar/gcc/12.1.0/bin/../lib/gcc/current/gcc/x86_64-apple-darwin21/12/include]
    add: [/usr/local/Cellar/gcc/12.1.0/bin/../lib/gcc/current/gcc/x86_64-apple-darwin21/12/include-fixed]
    add: [/Library/Developer/CommandLineTools/SDKs/MacOSX11.3.sdk/usr/include]
    add: [/Library/Developer/CommandLineTools/SDKs/MacOSX11.3.sdk/System/Library/Frameworks]
  end of search list found
  collapse include dir [/usr/local/Cellar/gcc/12.1.0/bin/../lib/gcc/current/gcc/x86_64-apple-darwin21/12/../../../../../../include/c++/12] ==> [/usr/local/Cellar/gcc/12.1.0/include/c++/12]
  collapse include dir [/usr/local/Cellar/gcc/12.1.0/bin/../lib/gcc/current/gcc/x86_64-apple-darwin21/12/../../../../../../include/c++/12/x86_64-apple-darwin21] ==> [/usr/local/Cellar/gcc/12.1.0/include/c++/12/x86_64-apple-darwin21]
  collapse include dir [/usr/local/Cellar/gcc/12.1.0/bin/../lib/gcc/current/gcc/x86_64-apple-darwin21/12/../../../../../../include/c++/12/backward] ==> [/usr/local/Cellar/gcc/12.1.0/include/c++/12/backward]
  collapse include dir [/usr/local/Cellar/gcc/12.1.0/bin/../lib/gcc/current/gcc/x86_64-apple-darwin21/12/include] ==> [/usr/local/Cellar/gcc/12.1.0/lib/gcc/current/gcc/x86_64-apple-darwin21/12/include]
  collapse include dir [/usr/local/Cellar/gcc/12.1.0/bin/../lib/gcc/current/gcc/x86_64-apple-darwin21/12/include-fixed] ==> [/usr/local/Cellar/gcc/12.1.0/lib/gcc/current/gcc/x86_64-apple-darwin21/12/include-fixed]
  collapse include dir [/Library/Developer/CommandLineTools/SDKs/MacOSX11.3.sdk/usr/include] ==> [/Library/Developer/CommandLineTools/SDKs/MacOSX11.3.sdk/usr/include]
  collapse include dir [/Library/Developer/CommandLineTools/SDKs/MacOSX11.3.sdk/System/Library/Frameworks] ==> [/Library/Developer/CommandLineTools/SDKs/MacOSX11.3.sdk/System/Library/Frameworks]
  implicit include dirs: [/usr/local/Cellar/gcc/12.1.0/include/c++/12;/usr/local/Cellar/gcc/12.1.0/include/c++/12/x86_64-apple-darwin21;/usr/local/Cellar/gcc/12.1.0/include/c++/12/backward;/usr/local/Cellar/gcc/12.1.0/lib/gcc/current/gcc/x86_64-apple-darwin21/12/include;/usr/local/Cellar/gcc/12.1.0/lib/gcc/current/gcc/x86_64-apple-darwin21/12/include-fixed;/Library/Developer/CommandLineTools/SDKs/MacOSX11.3.sdk/usr/include;/Library/Developer/CommandLineTools/SDKs/MacOSX11.3.sdk/System/Library/Frameworks]


Parsed CXX implicit link information from above output:
  link line regex: [^( *|.*[/\])(ld|CMAKE_LINK_STARTFILE-NOTFOUND|([^/\]+-)?ld|collect2)[^/\]*( |$)]
  ignore line: [Change Dir: /Users/berginjack/Desktop/College Work/Senior Year/Term 1/CS 4533/CalculatorProject/PROJECT_ROOT/build/CMakeFiles/CMakeTmp]
  ignore line: []
  ignore line: [Run Build Command(s):/usr/bin/make -f Makefile cmTC_3af54/fast && /Library/Developer/CommandLineTools/usr/bin/make  -f CMakeFiles/cmTC_3af54.dir/build.make CMakeFiles/cmTC_3af54.dir/build]
  ignore line: [Building CXX object CMakeFiles/cmTC_3af54.dir/CMakeCXXCompilerABI.cpp.o]
  ignore line: [/usr/local/bin/g++-12   -isysroot /Library/Developer/CommandLineTools/SDKs/MacOSX11.3.sdk   -v -Wl -v -o CMakeFiles/cmTC_3af54.dir/CMakeCXXCompilerABI.cpp.o -c /usr/local/Cellar/cmake/3.24.1/share/cmake/Modules/CMakeCXXCompilerABI.cpp]
  ignore line: [Using built-in specs.]
  ignore line: [COLLECT_GCC=/usr/local/bin/g++-12]
  ignore line: [Target: x86_64-apple-darwin21]
  ignore line: [Configured with: ../configure --prefix=/usr/local/opt/gcc --libdir=/usr/local/opt/gcc/lib/gcc/current --disable-nls --enable-checking=release --with-gcc-major-version-only --enable-languages=c c++ objc obj-c++ fortran --program-suffix=-12 --with-gmp=/usr/local/opt/gmp --with-mpfr=/usr/local/opt/mpfr --with-mpc=/usr/local/opt/libmpc --with-isl=/usr/local/opt/isl --with-zstd=/usr/local/opt/zstd --with-pkgversion='Homebrew GCC 12.1.0' --with-bugurl=https://github.com/Homebrew/homebrew-core/issues --with-system-zlib --build=x86_64-apple-darwin21 --with-sysroot=/Library/Developer/CommandLineTools/SDKs/MacOSX12.sdk]
  ignore line: [Thread model: posix]
  ignore line: [Supported LTO compression algorithms: zlib zstd]
  ignore line: [gcc version 12.1.0 (Homebrew GCC 12.1.0) ]
  ignore line: [COLLECT_GCC_OPTIONS='-isysroot' '/Library/Developer/CommandLineTools/SDKs/MacOSX11.3.sdk' '-v' '-o' 'CMakeFiles/cmTC_3af54.dir/CMakeCXXCompilerABI.cpp.o' '-c' '-mmacosx-version-min=12.0.0' '-asm_macosx_version_min=12.0' '-nodefaultexport' '-shared-libgcc' '-mtune=core2' '-dumpdir' 'CMakeFiles/cmTC_3af54.dir/']
  ignore line: [ /usr/local/Cellar/gcc/12.1.0/bin/../libexec/gcc/x86_64-apple-darwin21/12/cc1plus -quiet -v -iprefix /usr/local/Cellar/gcc/12.1.0/bin/../lib/gcc/current/gcc/x86_64-apple-darwin21/12/ -D__DYNAMIC__ -isysroot /Library/Developer/CommandLineTools/SDKs/MacOSX11.3.sdk /usr/local/Cellar/cmake/3.24.1/share/cmake/Modules/CMakeCXXCompilerABI.cpp -fPIC -quiet -dumpdir CMakeFiles/cmTC_3af54.dir/ -dumpbase CMakeCXXCompilerABI.cpp.cpp -dumpbase-ext .cpp -mmacosx-version-min=12.0.0 -mtune=core2 -version -o /var/folders/rl/2csznjv52_j4ksr5nf3h8yzh0000gn/T//ccoQlNyA.s]
  ignore line: [GNU C++17 (Homebrew GCC 12.1.0) version 12.1.0 (x86_64-apple-darwin21)]
  ignore line: [	compiled by GNU C version 12.1.0  GMP version 6.2.1  MPFR version 4.1.0  MPC version 1.2.1  isl version isl-0.25-GMP]
  ignore line: []
  ignore line: [GGC heuristics: --param ggc-min-expand=100 --param ggc-min-heapsize=131072]
  ignore line: [ignoring nonexistent directory "/usr/local/Cellar/gcc/12.1.0/bin/../lib/gcc/current/gcc/x86_64-apple-darwin21/12/../../../../../../x86_64-apple-darwin21/include"]
  ignore line: [ignoring duplicate directory "/usr/local/Cellar/gcc/12.1.0/bin/../lib/gcc/current/gcc/../../../../lib/gcc/current/gcc/x86_64-apple-darwin21/12/../../../../../../include/c++/12"]
  ignore line: [ignoring duplicate directory "/usr/local/Cellar/gcc/12.1.0/bin/../lib/gcc/current/gcc/../../../../lib/gcc/current/gcc/x86_64-apple-darwin21/12/../../../../../../include/c++/12/x86_64-apple-darwin21"]
  ignore line: [ignoring duplicate directory "/usr/local/Cellar/gcc/12.1.0/bin/../lib/gcc/current/gcc/../../../../lib/gcc/current/gcc/x86_64-apple-darwin21/12/../../../../../../include/c++/12/backward"]
  ignore line: [ignoring duplicate directory "/usr/local/Cellar/gcc/12.1.0/bin/../lib/gcc/current/gcc/../../../../lib/gcc/current/gcc/x86_64-apple-darwin21/12/include"]
  ignore line: [ignoring nonexistent directory "/Library/Developer/CommandLineTools/SDKs/MacOSX11.3.sdk/usr/local/include"]
  ignore line: [ignoring duplicate directory "/usr/local/Cellar/gcc/12.1.0/bin/../lib/gcc/current/gcc/../../../../lib/gcc/current/gcc/x86_64-apple-darwin21/12/include-fixed"]
  ignore line: [ignoring nonexistent directory "/usr/local/Cellar/gcc/12.1.0/bin/../lib/gcc/current/gcc/../../../../lib/gcc/current/gcc/x86_64-apple-darwin21/12/../../../../../../x86_64-apple-darwin21/include"]
  ignore line: [ignoring nonexistent directory "/Library/Developer/CommandLineTools/SDKs/MacOSX11.3.sdk/Library/Frameworks"]
  ignore line: [#include "..." search starts here:]
  ignore line: [#include <...> search starts here:]
  ignore line: [ /usr/local/Cellar/gcc/12.1.0/bin/../lib/gcc/current/gcc/x86_64-apple-darwin21/12/../../../../../../include/c++/12]
  ignore line: [ /usr/local/Cellar/gcc/12.1.0/bin/../lib/gcc/current/gcc/x86_64-apple-darwin21/12/../../../../../../include/c++/12/x86_64-apple-darwin21]
  ignore line: [ /usr/local/Cellar/gcc/12.1.0/bin/../lib/gcc/current/gcc/x86_64-apple-darwin21/12/../../../../../../include/c++/12/backward]
  ignore line: [ /usr/local/Cellar/gcc/12.1.0/bin/../lib/gcc/current/gcc/x86_64-apple-darwin21/12/include]
  ignore line: [ /usr/local/Cellar/gcc/12.1.0/bin/../lib/gcc/current/gcc/x86_64-apple-darwin21/12/include-fixed]
  ignore line: [ /Library/Developer/CommandLineTools/SDKs/MacOSX11.3.sdk/usr/include]
  ignore line: [ /Library/Developer/CommandLineTools/SDKs/MacOSX11.3.sdk/System/Library/Frameworks]
  ignore line: [End of search list.]
  ignore line: [GNU C++17 (Homebrew GCC 12.1.0) version 12.1.0 (x86_64-apple-darwin21)]
  ignore line: [	compiled by GNU C version 12.1.0  GMP version 6.2.1  MPFR version 4.1.0  MPC version 1.2.1  isl version isl-0.25-GMP]
  ignore line: []
  ignore line: [GGC heuristics: --param ggc-min-expand=100 --param ggc-min-heapsize=131072]
  ignore line: [Compiler executable checksum: 5af5c2c29851d1c701b89219d2e61850]
  ignore line: [COLLECT_GCC_OPTIONS='-isysroot' '/Library/Developer/CommandLineTools/SDKs/MacOSX11.3.sdk' '-v' '-o' 'CMakeFiles/cmTC_3af54.dir/CMakeCXXCompilerABI.cpp.o' '-c' '-mmacosx-version-min=12.0.0'  '-nodefaultexport' '-shared-libgcc' '-mtune=core2' '-dumpdir' 'CMakeFiles/cmTC_3af54.dir/']
  ignore line: [ as -arch x86_64 -v -mmacosx-version-min=12.0 -mllvm -x86-pad-for-align=false -force_cpusubtype_ALL -o CMakeFiles/cmTC_3af54.dir/CMakeCXXCompilerABI.cpp.o /var/folders/rl/2csznjv52_j4ksr5nf3h8yzh0000gn/T//ccoQlNyA.s]
  ignore line: [Apple clang version 12.0.5 (clang-1205.0.22.9)]
  ignore line: [Target: x86_64-apple-darwin21.6.0]
  ignore line: [Thread model: posix]
  ignore line: [InstalledDir: /Library/Developer/CommandLineTools/usr/bin]
  ignore line: [ "/Library/Developer/CommandLineTools/usr/bin/clang" -cc1as -triple x86_64-apple-macosx12.0.0 -filetype obj -main-file-name ccoQlNyA.s -target-cpu penryn -fdebug-compilation-dir "/Users/berginjack/Desktop/College Work/Senior Year/Term 1/CS 4533/CalculatorProject/PROJECT_ROOT/build/CMakeFiles/CMakeTmp" -dwarf-debug-producer "Apple clang version 12.0.5 (clang-1205.0.22.9)" -dwarf-version=4 -mrelocation-model pic -mllvm -x86-pad-for-align=false -mllvm -disable-aligned-alloc-awareness=1 -o CMakeFiles/cmTC_3af54.dir/CMakeCXXCompilerABI.cpp.o /var/folders/rl/2csznjv52_j4ksr5nf3h8yzh0000gn/T//ccoQlNyA.s]
  ignore line: [COMPILER_PATH=/usr/local/Cellar/gcc/12.1.0/bin/../libexec/gcc/x86_64-apple-darwin21/12/:/usr/local/Cellar/gcc/12.1.0/bin/../libexec/gcc/]
  ignore line: [LIBRARY_PATH=/usr/local/Cellar/gcc/12.1.0/bin/../lib/gcc/current/gcc/x86_64-apple-darwin21/12/:/usr/local/Cellar/gcc/12.1.0/bin/../lib/gcc/current/gcc/:/usr/local/Cellar/gcc/12.1.0/bin/../lib/gcc/current/gcc/x86_64-apple-darwin21/12/../../../]
  ignore line: [COLLECT_GCC_OPTIONS='-isysroot' '/Library/Developer/CommandLineTools/SDKs/MacOSX11.3.sdk' '-v' '-o' 'CMakeFiles/cmTC_3af54.dir/CMakeCXXCompilerABI.cpp.o' '-c' '-mmacosx-version-min=12.0.0'  '-nodefaultexport' '-shared-libgcc' '-mtune=core2' '-dumpdir' 'CMakeFiles/cmTC_3af54.dir/CMakeCXXCompilerABI.cpp.']
  ignore line: [Linking CXX executable cmTC_3af54]
  ignore line: [/usr/local/Cellar/cmake/3.24.1/bin/cmake -E cmake_link_script CMakeFiles/cmTC_3af54.dir/link.txt --verbose=1]
  ignore line: [/usr/local/bin/g++-12  -isysroot /Library/Developer/CommandLineTools/SDKs/MacOSX11.3.sdk -Wl -search_paths_first -Wl -headerpad_max_install_names  -v -Wl -v CMakeFiles/cmTC_3af54.dir/CMakeCXXCompilerABI.cpp.o -o cmTC_3af54 ]
  ignore line: [Using built-in specs.]
  ignore line: [COLLECT_GCC=/usr/local/bin/g++-12]
  ignore line: [COLLECT_LTO_WRAPPER=/usr/local/Cellar/gcc/12.1.0/bin/../libexec/gcc/x86_64-apple-darwin21/12/lto-wrapper]
  ignore line: [Target: x86_64-apple-darwin21]
  ignore line: [Configured with: ../configure --prefix=/usr/local/opt/gcc --libdir=/usr/local/opt/gcc/lib/gcc/current --disable-nls --enable-checking=release --with-gcc-major-version-only --enable-languages=c c++ objc obj-c++ fortran --program-suffix=-12 --with-gmp=/usr/local/opt/gmp --with-mpfr=/usr/local/opt/mpfr --with-mpc=/usr/local/opt/libmpc --with-isl=/usr/local/opt/isl --with-zstd=/usr/local/opt/zstd --with-pkgversion='Homebrew GCC 12.1.0' --with-bugurl=https://github.com/Homebrew/homebrew-core/issues --with-system-zlib --build=x86_64-apple-darwin21 --with-sysroot=/Library/Developer/CommandLineTools/SDKs/MacOSX12.sdk]
  ignore line: [Thread model: posix]
  ignore line: [Supported LTO compression algorithms: zlib zstd]
  ignore line: [gcc version 12.1.0 (Homebrew GCC 12.1.0) ]
  ignore line: [COMPILER_PATH=/usr/local/Cellar/gcc/12.1.0/bin/../libexec/gcc/x86_64-apple-darwin21/12/:/usr/local/Cellar/gcc/12.1.0/bin/../libexec/gcc/]
  ignore line: [LIBRARY_PATH=/usr/local/Cellar/gcc/12.1.0/bin/../lib/gcc/current/gcc/x86_64-apple-darwin21/12/:/usr/local/Cellar/gcc/12.1.0/bin/../lib/gcc/current/gcc/:/usr/local/Cellar/gcc/12.1.0/bin/../lib/gcc/current/gcc/x86_64-apple-darwin21/12/../../../]
  ignore line: [COLLECT_GCC_OPTIONS='-isysroot' '/Library/Developer/CommandLineTools/SDKs/MacOSX11.3.sdk' '-v' '-o' 'cmTC_3af54' '-mmacosx-version-min=12.0.0' '-asm_macosx_version_min=12.0' '-nodefaultexport' '-shared-libgcc' '-mtune=core2' '-dumpdir' 'cmTC_3af54.']
  link line: [ /usr/local/Cellar/gcc/12.1.0/bin/../libexec/gcc/x86_64-apple-darwin21/12/collect2 -dynamic -arch x86_64 -syslibroot /Library/Developer/CommandLineTools/SDKs/MacOSX11.3.sdk -macosx_version_min 12.0.0 -o cmTC_3af54 -L/usr/local/Cellar/gcc/12.1.0/bin/../lib/gcc/current/gcc/x86_64-apple-darwin21/12 -L/usr/local/Cellar/gcc/12.1.0/bin/../lib/gcc/current/gcc -L/usr/local/Cellar/gcc/12.1.0/bin/../lib/gcc/current/gcc/x86_64-apple-darwin21/12/../../.. -search_paths_first -headerpad_max_install_names -v CMakeFiles/cmTC_3af54.dir/CMakeCXXCompilerABI.cpp.o -lstdc++ -lgcc_s.1.1 -lgcc -lSystem -no_compact_unwind -rpath @loader_path -rpath /usr/local/Cellar/gcc/12.1.0/lib/gcc/current/gcc/x86_64-apple-darwin21/12 -rpath /usr/local/Cellar/gcc/12.1.0/lib/gcc/current/gcc -rpath /usr/local/Cellar/gcc/12.1.0/lib/gcc/current]
    arg [/usr/local/Cellar/gcc/12.1.0/bin/../libexec/gcc/x86_64-apple-darwin21/12/collect2] ==> ignore
    arg [-dynamic] ==> ignore
    arg [-arch] ==> ignore
    arg [x86_64] ==> ignore
    arg [-syslibroot] ==> ignore
    arg [/Library/Developer/CommandLineTools/SDKs/MacOSX11.3.sdk] ==> ignore
    arg [-macosx_version_min] ==> ignore
    arg [12.0.0] ==> ignore
    arg [-o] ==> ignore
    arg [cmTC_3af54] ==> ignore
    arg [-L/usr/local/Cellar/gcc/12.1.0/bin/../lib/gcc/current/gcc/x86_64-apple-darwin21/12] ==> dir [/usr/local/Cellar/gcc/12.1.0/bin/../lib/gcc/current/gcc/x86_64-apple-darwin21/12]
    arg [-L/usr/local/Cellar/gcc/12.1.0/bin/../lib/gcc/current/gcc] ==> dir [/usr/local/Cellar/gcc/12.1.0/bin/../lib/gcc/current/gcc]
    arg [-L/usr/local/Cellar/gcc/12.1.0/bin/../lib/gcc/current/gcc/x86_64-apple-darwin21/12/../../..] ==> dir [/usr/local/Cellar/gcc/12.1.0/bin/../lib/gcc/current/gcc/x86_64-apple-darwin21/12/../../..]
    arg [-search_paths_first] ==> ignore
    arg [-headerpad_max_install_names] ==> ignore
    arg [-v] ==> ignore
    arg [CMakeFiles/cmTC_3af54.dir/CMakeCXXCompilerABI.cpp.o] ==> ignore
    arg [-lstdc++] ==> lib [stdc++]
    arg [-lgcc_s.1.1] ==> lib [gcc_s.1.1]
    arg [-lgcc] ==> lib [gcc]
    arg [-lSystem] ==> lib [System]
    arg [-no_compact_unwind] ==> ignore
    arg [-rpath] ==> ignore
    arg [@loader_path] ==> ignore
    arg [-rpath] ==> ignore
    arg [/usr/local/Cellar/gcc/12.1.0/lib/gcc/current/gcc/x86_64-apple-darwin21/12] ==> ignore
    arg [-rpath] ==> ignore
    arg [/usr/local/Cellar/gcc/12.1.0/lib/gcc/current/gcc] ==> ignore
    arg [-rpath] ==> ignore
    arg [/usr/local/Cellar/gcc/12.1.0/lib/gcc/current] ==> ignore
  Library search paths: [;/usr/local/Cellar/gcc/12.1.0/lib/gcc/current/gcc/x86_64-apple-darwin21/12;/usr/local/Cellar/gcc/12.1.0/lib/gcc/current/gcc;/usr/local/Cellar/gcc/12.1.0/lib/gcc/current;/Library/Developer/CommandLineTools/SDKs/MacOSX11.3.sdk/usr/lib]
  Framework search paths: [;/Library/Developer/CommandLineTools/SDKs/MacOSX11.3.sdk/System/Library/Frameworks/]
  remove lib [System]
  collapse library dir [/usr/local/Cellar/gcc/12.1.0/bin/../lib/gcc/current/gcc/x86_64-apple-darwin21/12] ==> [/usr/local/Cellar/gcc/12.1.0/lib/gcc/current/gcc/x86_64-apple-darwin21/12]
  collapse library dir [/usr/local/Cellar/gcc/12.1.0/bin/../lib/gcc/current/gcc] ==> [/usr/local/Cellar/gcc/12.1.0/lib/gcc/current/gcc]
  collapse library dir [/usr/local/Cellar/gcc/12.1.0/bin/../lib/gcc/current/gcc/x86_64-apple-darwin21/12/../../..] ==> [/usr/local/Cellar/gcc/12.1.0/lib/gcc/current]
  collapse library dir [/usr/local/Cellar/gcc/12.1.0/lib/gcc/current/gcc/x86_64-apple-darwin21/12] ==> [/usr/local/Cellar/gcc/12.1.0/lib/gcc/current/gcc/x86_64-apple-darwin21/12]
  collapse library dir [/usr/local/Cellar/gcc/12.1.0/lib/gcc/current/gcc] ==> [/usr/local/Cellar/gcc/12.1.0/lib/gcc/current/gcc]
  collapse library dir [/usr/local/Cellar/gcc/12.1.0/lib/gcc/current] ==> [/usr/local/Cellar/gcc/12.1.0/lib/gcc/current]
  collapse library dir [/Library/Developer/CommandLineTools/SDKs/MacOSX11.3.sdk/usr/lib] ==> [/Library/Developer/CommandLineTools/SDKs/MacOSX11.3.sdk/usr/lib]
  collapse framework dir [/Library/Developer/CommandLineTools/SDKs/MacOSX11.3.sdk/System/Library/Frameworks/] ==> [/Library/Developer/CommandLineTools/SDKs/MacOSX11.3.sdk/System/Library/Frameworks]
  implicit libs: [stdc++;gcc_s.1.1;gcc]
  implicit objs: []
  implicit dirs: [/usr/local/Cellar/gcc/12.1.0/lib/gcc/current/gcc/x86_64-apple-darwin21/12;/usr/local/Cellar/gcc/12.1.0/lib/gcc/current/gcc;/usr/local/Cellar/gcc/12.1.0/lib/gcc/current;/Library/Developer/CommandLineTools/SDKs/MacOSX11.3.sdk/usr/lib]
  implicit fwks: [/Library/Developer/CommandLineTools/SDKs/MacOSX11.3.sdk/System/Library/Frameworks]


The system is: Darwin - 21.6.0 - x86_64
Compiling the CXX compiler identification source file "CMakeCXXCompilerId.cpp" succeeded.
Compiler: /Library/Developer/CommandLineTools/usr/bin/c++ 
Build flags: 
Id flags: -c 

The output was:
0


Compilation of the CXX compiler identification source "CMakeCXXCompilerId.cpp" produced "CMakeCXXCompilerId.o"

The CXX compiler identification is AppleClang, found in "/Users/berginjack/Desktop/Github_Work/College Projects/CS_4355_Repository/Projects/CalculatorProject/PROJECT_ROOT/build/CMakeFiles/3.24.1/CompilerIdCXX/CMakeCXXCompilerId.o"

Detecting CXX compiler ABI info compiled with the following output:
Change Dir: /Users/berginjack/Desktop/Github_Work/College Projects/CS_4355_Repository/Projects/CalculatorProject/PROJECT_ROOT/build/CMakeFiles/CMakeTmp

Run Build Command(s):/usr/bin/make -f Makefile cmTC_602ea/fast && /Library/Developer/CommandLineTools/usr/bin/make  -f CMakeFiles/cmTC_602ea.dir/build.make CMakeFiles/cmTC_602ea.dir/build
Building CXX object CMakeFiles/cmTC_602ea.dir/CMakeCXXCompilerABI.cpp.o
/Library/Developer/CommandLineTools/usr/bin/c++   -isysroot /Library/Developer/CommandLineTools/SDKs/MacOSX11.3.sdk   -v -Wl,-v -MD -MT CMakeFiles/cmTC_602ea.dir/CMakeCXXCompilerABI.cpp.o -MF CMakeFiles/cmTC_602ea.dir/CMakeCXXCompilerABI.cpp.o.d -o CMakeFiles/cmTC_602ea.dir/CMakeCXXCompilerABI.cpp.o -c /usr/local/Cellar/cmake/3.24.1/share/cmake/Modules/CMakeCXXCompilerABI.cpp
Apple clang version 12.0.5 (clang-1205.0.22.9)
Target: x86_64-apple-darwin21.6.0
Thread model: posix
InstalledDir: /Library/Developer/CommandLineTools/usr/bin
clang: warning: -Wl,-v: 'linker' input unused [-Wunused-command-line-argument]
 "/Library/Developer/CommandLineTools/usr/bin/clang" -cc1 -triple x86_64-apple-macosx11.3.0 -Wdeprecated-objc-isa-usage -Werror=deprecated-objc-isa-usage -Werror=implicit-function-declaration -emit-obj -mrelax-all -disable-free -disable-llvm-verifier -discard-value-names -main-file-name CMakeCXXCompilerABI.cpp -mrelocation-model pic -pic-level 2 -mframe-pointer=all -fno-strict-return -fno-rounding-math -munwind-tables -target-sdk-version=11.3 -fvisibility-inlines-hidden-static-local-var -target-cpu penryn -debugger-tuning=lldb -target-linker-version 650.9 -v -resource-dir /Library/Developer/CommandLineTools/usr/lib/clang/12.0.5 -dependency-file CMakeFiles/cmTC_602ea.dir/CMakeCXXCompilerABI.cpp.o.d -skip-unused-modulemap-deps -MT CMakeFiles/cmTC_602ea.dir/CMakeCXXCompilerABI.cpp.o -sys-header-deps -isysroot /Library/Developer/CommandLineTools/SDKs/MacOSX11.3.sdk -stdlib=libc++ -internal-isystem /Library/Developer/CommandLineTools/SDKs/MacOSX11.3.sdk/usr/include/c++/v1 -internal-isystem /Library/Developer/CommandLineTools/SDKs/MacOSX11.3.sdk/usr/local/include -internal-isystem /Library/Developer/CommandLineTools/usr/lib/clang/12.0.5/include -internal-externc-isystem /Library/Developer/CommandLineTools/SDKs/MacOSX11.3.sdk/usr/include -internal-externc-isystem /Library/Developer/CommandLineTools/usr/include -Wno-reorder-init-list -Wno-implicit-int-float-conversion -Wno-c99-designator -Wno-final-dtor-non-final-class -Wno-extra-semi-stmt -Wno-misleading-indentation -Wno-quoted-include-in-framework-header -Wno-implicit-fallthrough -Wno-enum-enum-conversion -Wno-enum-float-conversion -Wno-elaborated-enum-base -fdeprecated-macro -fdebug-compilation-dir "/Users/berginjack/Desktop/Github_Work/College Projects/CS_4355_Repository/Projects/CalculatorProject/PROJECT_ROOT/build/CMakeFiles/CMakeTmp" -ferror-limit 19 -stack-protector 1 -fstack-check -mdarwin-stkchk-strong-link -fblocks -fencode-extended-block-signature -fregister-global-dtors-with-atexit -fgnuc-version=4.2.1 -fcxx-exceptions -fexceptions -fmax-type-align=16 -fcommon -clang-vendor-feature=+disableNonDependentMemberExprInCurrentInstantiation -fno-odr-hash-protocols -mllvm -disable-aligned-alloc-awareness=1 -o CMakeFiles/cmTC_602ea.dir/CMakeCXXCompilerABI.cpp.o -x c++ /usr/local/Cellar/cmake/3.24.1/share/cmake/Modules/CMakeCXXCompilerABI.cpp
clang -cc1 version 12.0.5 (clang-1205.0.22.9) default target x86_64-apple-darwin21.6.0
ignoring nonexistent directory "/Library/Developer/CommandLineTools/SDKs/MacOSX11.3.sdk/usr/local/include"
ignoring nonexistent directory "/Library/Developer/CommandLineTools/SDKs/MacOSX11.3.sdk/Library/Frameworks"
#include "..." search starts here:
#include <...> search starts here:
 /Library/Developer/CommandLineTools/SDKs/MacOSX11.3.sdk/usr/include/c++/v1
 /Library/Developer/CommandLineTools/usr/lib/clang/12.0.5/include
 /Library/Developer/CommandLineTools/SDKs/MacOSX11.3.sdk/usr/include
 /Library/Developer/CommandLineTools/usr/include
 /Library/Developer/CommandLineTools/SDKs/MacOSX11.3.sdk/System/Library/Frameworks (framework directory)
End of search list.
Linking CXX executable cmTC_602ea
/usr/local/Cellar/cmake/3.24.1/bin/cmake -E cmake_link_script CMakeFiles/cmTC_602ea.dir/link.txt --verbose=1
/Library/Developer/CommandLineTools/usr/bin/c++  -isysroot /Library/Developer/CommandLineTools/SDKs/MacOSX11.3.sdk -Wl,-search_paths_first -Wl,-headerpad_max_install_names  -v -Wl,-v CMakeFiles/cmTC_602ea.dir/CMakeCXXCompilerABI.cpp.o -o cmTC_602ea 
Apple clang version 12.0.5 (clang-1205.0.22.9)
Target: x86_64-apple-darwin21.6.0
Thread model: posix
InstalledDir: /Library/Developer/CommandLineTools/usr/bin
 "/Library/Developer/CommandLineTools/usr/bin/ld" -demangle -lto_library /Library/Developer/CommandLineTools/usr/lib/libLTO.dylib -dynamic -arch x86_64 -platform_version macos 11.3.0 11.3 -syslibroot /Library/Developer/CommandLineTools/SDKs/MacOSX11.3.sdk -o cmTC_602ea -search_paths_first -headerpad_max_install_names -v CMakeFiles/cmTC_602ea.dir/CMakeCXXCompilerABI.cpp.o -lc++ -lSystem /Library/Developer/CommandLineTools/usr/lib/clang/12.0.5/lib/darwin/libclang_rt.osx.a
@(#)PROGRAM:ld  PROJECT:ld64-650.9
BUILD 00:19:30 Mar 17 2021
configured to support archs: armv6 armv7 armv7s arm64 arm64e arm64_32 i386 x86_64 x86_64h armv6m armv7k armv7m armv7em
Library search paths:
	/Library/Developer/CommandLineTools/SDKs/MacOSX11.3.sdk/usr/lib
Framework search paths:
	/Library/Developer/CommandLineTools/SDKs/MacOSX11.3.sdk/System/Library/Frameworks/



Parsed CXX implicit include dir info from above output: rv=done
  found start of include info
  found start of implicit include info
    add: [/Library/Developer/CommandLineTools/SDKs/MacOSX11.3.sdk/usr/include/c++/v1]
    add: [/Library/Developer/CommandLineTools/usr/lib/clang/12.0.5/include]
    add: [/Library/Developer/CommandLineTools/SDKs/MacOSX11.3.sdk/usr/include]
    add: [/Library/Developer/CommandLineTools/usr/include]
  end of search list found
  collapse include dir [/Library/Developer/CommandLineTools/SDKs/MacOSX11.3.sdk/usr/include/c++/v1] ==> [/Library/Developer/CommandLineTools/SDKs/MacOSX11.3.sdk/usr/include/c++/v1]
  collapse include dir [/Library/Developer/CommandLineTools/usr/lib/clang/12.0.5/include] ==> [/Library/Developer/CommandLineTools/usr/lib/clang/12.0.5/include]
  collapse include dir [/Library/Developer/CommandLineTools/SDKs/MacOSX11.3.sdk/usr/include] ==> [/Library/Developer/CommandLineTools/SDKs/MacOSX11.3.sdk/usr/include]
  collapse include dir [/Library/Developer/CommandLineTools/usr/include] ==> [/Library/Developer/CommandLineTools/usr/include]
  implicit include dirs: [/Library/Developer/CommandLineTools/SDKs/MacOSX11.3.sdk/usr/include/c++/v1;/Library/Developer/CommandLineTools/usr/lib/clang/12.0.5/include;/Library/Developer/CommandLineTools/SDKs/MacOSX11.3.sdk/usr/include;/Library/Developer/CommandLineTools/usr/include]


Parsed CXX implicit link information from above output:
  link line regex: [^( *|.*[/\])(ld|CMAKE_LINK_STARTFILE-NOTFOUND|([^/\]+-)?ld|collect2)[^/\]*( |$)]
  ignore line: [Change Dir: /Users/berginjack/Desktop/Github_Work/College Projects/CS_4355_Repository/Projects/CalculatorProject/PROJECT_ROOT/build/CMakeFiles/CMakeTmp]
  ignore line: []
  ignore line: [Run Build Command(s):/usr/bin/make -f Makefile cmTC_602ea/fast && /Library/Developer/CommandLineTools/usr/bin/make  -f CMakeFiles/cmTC_602ea.dir/build.make CMakeFiles/cmTC_602ea.dir/build]
  ignore line: [Building CXX object CMakeFiles/cmTC_602ea.dir/CMakeCXXCompilerABI.cpp.o]
  ignore line: [/Library/Developer/CommandLineTools/usr/bin/c++   -isysroot /Library/Developer/CommandLineTools/SDKs/MacOSX11.3.sdk   -v -Wl -v -MD -MT CMakeFiles/cmTC_602ea.dir/CMakeCXXCompilerABI.cpp.o -MF CMakeFiles/cmTC_602ea.dir/CMakeCXXCompilerABI.cpp.o.d -o CMakeFiles/cmTC_602ea.dir/CMakeCXXCompilerABI.cpp.o -c /usr/local/Cellar/cmake/3.24.1/share/cmake/Modules/CMakeCXXCompilerABI.cpp]
  ignore line: [Apple clang version 12.0.5 (clang-1205.0.22.9)]
  ignore line: [Target: x86_64-apple-darwin21.6.0]
  ignore line: [Thread model: posix]
  ignore line: [InstalledDir: /Library/Developer/CommandLineTools/usr/bin]
  ignore line: [clang: warning: -Wl -v: 'linker' input unused [-Wunused-command-line-argument]]
  ignore line: [ "/Library/Developer/CommandLineTools/usr/bin/clang" -cc1 -triple x86_64-apple-macosx11.3.0 -Wdeprecated-objc-isa-usage -Werror=deprecated-objc-isa-usage -Werror=implicit-function-declaration -emit-obj -mrelax-all -disable-free -disable-llvm-verifier -discard-value-names -main-file-name CMakeCXXCompilerABI.cpp -mrelocation-model pic -pic-level 2 -mframe-pointer=all -fno-strict-return -fno-rounding-math -munwind-tables -target-sdk-version=11.3 -fvisibility-inlines-hidden-static-local-var -target-cpu penryn -debugger-tuning=lldb -target-linker-version 650.9 -v -resource-dir /Library/Developer/CommandLineTools/usr/lib/clang/12.0.5 -dependency-file CMakeFiles/cmTC_602ea.dir/CMakeCXXCompilerABI.cpp.o.d -skip-unused-modulemap-deps -MT CMakeFiles/cmTC_602ea.dir/CMakeCXXCompilerABI.cpp.o -sys-header-deps -isysroot /Library/Developer/CommandLineTools/SDKs/MacOSX11.3.sdk -stdlib=libc++ -internal-isystem /Library/Developer/CommandLineTools/SDKs/MacOSX11.3.sdk/usr/include/c++/v1 -internal-isystem /Library/Developer/CommandLineTools/SDKs/MacOSX11.3.sdk/usr/local/include -internal-isystem /Library/Developer/CommandLineTools/usr/lib/clang/12.0.5/include -internal-externc-isystem /Library/Developer/CommandLineTools/SDKs/MacOSX11.3.sdk/usr/include -internal-externc-isystem /Library/Developer/CommandLineTools/usr/include -Wno-reorder-init-list -Wno-implicit-int-float-conversion -Wno-c99-designator -Wno-final-dtor-non-final-class -Wno-extra-semi-stmt -Wno-misleading-indentation -Wno-quoted-include-in-framework-header -Wno-implicit-fallthrough -Wno-enum-enum-conversion -Wno-enum-float-conversion -Wno-elaborated-enum-base -fdeprecated-macro -fdebug-compilation-dir "/Users/berginjack/Desktop/Github_Work/College Projects/CS_4355_Repository/Projects/CalculatorProject/PROJECT_ROOT/build/CMakeFiles/CMakeTmp" -ferror-limit 19 -stack-protector 1 -fstack-check -mdarwin-stkchk-strong-link -fblocks -fencode-extended-block-signature -fregister-global-dtors-with-atexit -fgnuc-version=4.2.1 -fcxx-exceptions -fexceptions -fmax-type-align=16 -fcommon -clang-vendor-feature=+disableNonDependentMemberExprInCurrentInstantiation -fno-odr-hash-protocols -mllvm -disable-aligned-alloc-awareness=1 -o CMakeFiles/cmTC_602ea.dir/CMakeCXXCompilerABI.cpp.o -x c++ /usr/local/Cellar/cmake/3.24.1/share/cmake/Modules/CMakeCXXCompilerABI.cpp]
  ignore line: [clang -cc1 version 12.0.5 (clang-1205.0.22.9) default target x86_64-apple-darwin21.6.0]
  ignore line: [ignoring nonexistent directory "/Library/Developer/CommandLineTools/SDKs/MacOSX11.3.sdk/usr/local/include"]
  ignore line: [ignoring nonexistent directory "/Library/Developer/CommandLineTools/SDKs/MacOSX11.3.sdk/Library/Frameworks"]
  ignore line: [#include "..." search starts here:]
  ignore line: [#include <...> search starts here:]
  ignore line: [ /Library/Developer/CommandLineTools/SDKs/MacOSX11.3.sdk/usr/include/c++/v1]
  ignore line: [ /Library/Developer/CommandLineTools/usr/lib/clang/12.0.5/include]
  ignore line: [ /Library/Developer/CommandLineTools/SDKs/MacOSX11.3.sdk/usr/include]
  ignore line: [ /Library/Developer/CommandLineTools/usr/include]
  ignore line: [ /Library/Developer/CommandLineTools/SDKs/MacOSX11.3.sdk/System/Library/Frameworks (framework directory)]
  ignore line: [End of search list.]
  ignore line: [Linking CXX executable cmTC_602ea]
  ignore line: [/usr/local/Cellar/cmake/3.24.1/bin/cmake -E cmake_link_script CMakeFiles/cmTC_602ea.dir/link.txt --verbose=1]
  ignore line: [/Library/Developer/CommandLineTools/usr/bin/c++  -isysroot /Library/Developer/CommandLineTools/SDKs/MacOSX11.3.sdk -Wl -search_paths_first -Wl -headerpad_max_install_names  -v -Wl -v CMakeFiles/cmTC_602ea.dir/CMakeCXXCompilerABI.cpp.o -o cmTC_602ea ]
  ignore line: [Apple clang version 12.0.5 (clang-1205.0.22.9)]
  ignore line: [Target: x86_64-apple-darwin21.6.0]
  ignore line: [Thread model: posix]
  ignore line: [InstalledDir: /Library/Developer/CommandLineTools/usr/bin]
  link line: [ "/Library/Developer/CommandLineTools/usr/bin/ld" -demangle -lto_library /Library/Developer/CommandLineTools/usr/lib/libLTO.dylib -dynamic -arch x86_64 -platform_version macos 11.3.0 11.3 -syslibroot /Library/Developer/CommandLineTools/SDKs/MacOSX11.3.sdk -o cmTC_602ea -search_paths_first -headerpad_max_install_names -v CMakeFiles/cmTC_602ea.dir/CMakeCXXCompilerABI.cpp.o -lc++ -lSystem /Library/Developer/CommandLineTools/usr/lib/clang/12.0.5/lib/darwin/libclang_rt.osx.a]
    arg [/Library/Developer/CommandLineTools/usr/bin/ld] ==> ignore
    arg [-demangle] ==> ignore
    arg [-lto_library] ==> ignore, skip following value
    arg [/Library/Developer/CommandLineTools/usr/lib/libLTO.dylib] ==> skip value of -lto_library
    arg [-dynamic] ==> ignore
    arg [-arch] ==> ignore
    arg [x86_64] ==> ignore
    arg [-platform_version] ==> ignore
    arg [macos] ==> ignore
    arg [11.3.0] ==> ignore
    arg [11.3] ==> ignore
    arg [-syslibroot] ==> ignore
    arg [/Library/Developer/CommandLineTools/SDKs/MacOSX11.3.sdk] ==> ignore
    arg [-o] ==> ignore
    arg [cmTC_602ea] ==> ignore
    arg [-search_paths_first] ==> ignore
    arg [-headerpad_max_install_names] ==> ignore
    arg [-v] ==> ignore
    arg [CMakeFiles/cmTC_602ea.dir/CMakeCXXCompilerABI.cpp.o] ==> ignore
    arg [-lc++] ==> lib [c++]
    arg [-lSystem] ==> lib [System]
    arg [/Library/Developer/CommandLineTools/usr/lib/clang/12.0.5/lib/darwin/libclang_rt.osx.a] ==> lib [/Library/Developer/CommandLineTools/usr/lib/clang/12.0.5/lib/darwin/libclang_rt.osx.a]
  Library search paths: [;/Library/Developer/CommandLineTools/SDKs/MacOSX11.3.sdk/usr/lib]
  Framework search paths: [;/Library/Developer/CommandLineTools/SDKs/MacOSX11.3.sdk/System/Library/Frameworks/]
  remove lib [System]
  remove lib [/Library/Developer/CommandLineTools/usr/lib/clang/12.0.5/lib/darwin/libclang_rt.osx.a]
  collapse library dir [/Library/Developer/CommandLineTools/SDKs/MacOSX11.3.sdk/usr/lib] ==> [/Library/Developer/CommandLineTools/SDKs/MacOSX11.3.sdk/usr/lib]
  collapse framework dir [/Library/Developer/CommandLineTools/SDKs/MacOSX11.3.sdk/System/Library/Frameworks/] ==> [/Library/Developer/CommandLineTools/SDKs/MacOSX11.3.sdk/System/Library/Frameworks]
  implicit libs: [c++]
  implicit objs: []
  implicit dirs: [/Library/Developer/CommandLineTools/SDKs/MacOSX11.3.sdk/usr/lib]
  implicit fwks: [/Library/Developer/CommandLineTools/SDKs/MacOSX11.3.sdk/System/Library/Frameworks]


