Compiling the CXX compiler identification source file "CMakeCXXCompilerId.cpp" failed.
Compiler: /Applications/Xcode.app/Contents/Developer/Toolchains/XcodeDefault.xctoolchain/usr/bin/c++ 
Build flags: 
Id flags:  

The output was:
1
ld: library not found for -lc++
clang: error: linker command failed with exit code 1 (use -v to see invocation)


Compiling the C compiler identification source file "CMakeCCompilerId.c" failed.
Compiler: /Applications/Xcode.app/Contents/Developer/Toolchains/XcodeDefault.xctoolchain/usr/bin/cc 
Build flags: 
Id flags:  

The output was:
1
ld: library not found for -lSystem
clang: error: linker command failed with exit code 1 (use -v to see invocation)


Performing C++ SOURCE FILE Test CXX_SUPPORTS_CLASS_MEMACCESS_FLAG failed with the following output:
Change Dir: /Users/berginjack/Desktop/Github_Work/College Projects/CS_4355_Repository/Projects/calculator-example-complete/build/CMakeFiles/CMakeTmp

Run Build Command(s):/usr/bin/make -f Makefile cmTC_15a3e/fast && /Applications/Xcode.app/Contents/Developer/usr/bin/make  -f CMakeFiles/cmTC_15a3e.dir/build.make CMakeFiles/cmTC_15a3e.dir/build
Building CXX object CMakeFiles/cmTC_15a3e.dir/src.cxx.o
/Applications/Xcode.app/Contents/Developer/Toolchains/XcodeDefault.xctoolchain/usr/bin/c++ -DCXX_SUPPORTS_CLASS_MEMACCESS_FLAG  -fPIC -fvisibility-inlines-hidden -Werror=date-time -Werror=unguarded-availability-new -Wall -Wextra -Wno-unused-parameter -Wwrite-strings -Wcast-qual -Wmissing-field-initializers -Wimplicit-fallthrough -Wcovered-switch-default  -isysroot /Applications/Xcode.app/Contents/Developer/Platforms/MacOSX.platform/Developer/SDKs/MacOSX12.3.sdk   -Wclass-memaccess -std=gnu++17 -MD -MT CMakeFiles/cmTC_15a3e.dir/src.cxx.o -MF CMakeFiles/cmTC_15a3e.dir/src.cxx.o.d -o CMakeFiles/cmTC_15a3e.dir/src.cxx.o -c "/Users/berginjack/Desktop/Github_Work/College Projects/CS_4355_Repository/Projects/calculator-example-complete/build/CMakeFiles/CMakeTmp/src.cxx"
warning: unknown warning option '-Wclass-memaccess'; did you mean '-Wclass-varargs'? [-Wunknown-warning-option]
1 warning generated.
Linking CXX executable cmTC_15a3e
/usr/local/Cellar/cmake/3.24.1/bin/cmake -E cmake_link_script CMakeFiles/cmTC_15a3e.dir/link.txt --verbose=1
/Applications/Xcode.app/Contents/Developer/Toolchains/XcodeDefault.xctoolchain/usr/bin/c++  -fPIC -fvisibility-inlines-hidden -Werror=date-time -Werror=unguarded-availability-new -Wall -Wextra -Wno-unused-parameter -Wwrite-strings -Wcast-qual -Wmissing-field-initializers -Wimplicit-fallthrough -Wcovered-switch-default  -isysroot /Applications/Xcode.app/Contents/Developer/Platforms/MacOSX.platform/Developer/SDKs/MacOSX12.3.sdk -Wl,-search_paths_first -Wl,-headerpad_max_install_names CMakeFiles/cmTC_15a3e.dir/src.cxx.o -o cmTC_15a3e 


Source file was:
int main() { return 0; }
